<?xml version='1.0' encoding='UTF-8'?>
<!DOCTYPE book PUBLIC "-//OASIS//DTD DocBook XML V4.2//EN" "http://www.oasis-open.org/docbook/xml/4.2/docbookx.dtd">
<!-- $Id: test-mechanism.xml,v 1.8 2010-05-10 15:50:50 mg Exp $ -->

<chapter>
    <title>Unit Tests</title>
    <para>
OTRS provides unit tests for core modules.
    </para>
    <sect1 id="testing">
        <title>Creating a test file</title>
        <para>
The test files are stored in .t files under /scripts/test/*.t.
For example the file /scripts/test/Calendar.t for the Calendar Module.
        </para>
        <para>
A test file consists of the function call of the function to be tested and the analysis of the return value.
Example (/scripts/test/Calendar.t):
        <programlisting><![CDATA[
# --
# Calendar.t - Calendar
# Copyright (C) (year) (name of author) (email of author)
# --
# $Id: test-mechanism.xml,v 1.8 2010-05-10 15:50:50 mg Exp $
# --
# This software comes with ABSOLUTELY NO WARRANTY. For details, see
# the enclosed file COPYING for license information (AGPL). If you
# did not receive this file, see http://www.gnu.org/licenses/agpl.txt.
# --

use strict;
use warnings;
use utf8;

use vars qw($Self);

use Kernel::System::User;
use Kernel::System::CalendarEvent;

$Self->{UserObject} = Kernel::System::User-&gt;new(%{$Self});
$Self->{EventObject} = Kernel::System::CalendarEvent-&gt;new(%{$Self}, UserID =&gt; 1);


my $EventID = $Self-&gt;{EventObject}-&gt;EventAdd(
    Title =&gt; 'Some Test',
    StartTime =&gt; '1977-10-27 20:15',
    EndTime =&gt; '1977-10-27 21:00',
    State =&gt; 'public',
    UserIDs =&gt; [1],
);

$Self-&gt;True(
    $EventID,
    'EventAdd()',
);

[..]
        ]]></programlisting>
        </para>
    </sect1>
    <sect1>
        <title>Testing</title>
        <para>
To check your tests, just use "bin/UnitTest.pl -n Calendar" to use /scripts/test/Calendar.t.
        <programlisting><![CDATA[
shell:/opt/otrs&gt; bin/UnitTest.pl -n Calendar
+-------------------------------------------------------------------+
/opt/otrs/scripts/test/Calendar.t:
+-------------------------------------------------------------------+
ok 1 - EventAdd()
=====================================================================
Product:   OTRS 2.0.x CVS
Test Time: 0 s
Time:      2006-04-02 12:58:37
Host:      yourhost.example.com
Perl:      5.8.7
OS:        linux
TestOk:    1
TestNotOk: 0
=====================================================================
shell:/opt/otrs&gt;
        ]]></programlisting>
        </para>
    </sect1>
    <sect1>
        <title>True()</title>
        <para>
This function tests whether the return value of the function 'EventAdd()' in the variable $EventID is valid.
        <programlisting><![CDATA[
$Self-&gt;True(
    $EventID,
    'EventAdd()',
);
        ]]></programlisting>
        </para>
    </sect1>
    <sect1>
        <title>False()</title>
        <para>
This function tests whether the return value of the function 'EventAdd()' in the variable $EventID is invalid.
        <programlisting><![CDATA[
$Self-&gt;False(
    $EventID,
    'EventAdd()',
);
        ]]></programlisting>
        </para>
    </sect1>
    <sect1>
        <title>Is()</title>
        <para>
This function tests whether the variables $A and $B are equal.
        <programlisting><![CDATA[
$Self-&gt;Is(
    $A,
    $B,
    'Test Name',
);
        ]]></programlisting>
        </para>
    </sect1>
</chapter>
