<?xml version='1.0' encoding='ISO-8859-1'?>
<!DOCTYPE book PUBLIC "-//OASIS//DTD DocBook XML V4.2//EN" "http://www.oasis-open.org/docbook/xml/4.2/docbookx.dtd">
<!-- $Id: test-mechanism.xml,v 1.3 2006-02-24 08:53:10 rk Exp $ -->

<chapter>
    <title>OTRS Test Mechanism</title>
    <para>
        OTRS provides automated tests for core modules.
    </para>
    <sect1 id="testing">
        <title>Creating a Test Routine</title>
        <para>
            The test routines are stored in .t files in /scripts/test. There is a file for each and every OTRS module.
            For example the file /scripts/test/Calendar.t for the Calendar Module.
        </para>
        <para>
            A test routine consists of the function call of the function to be tested and the analysis of the return value.
            Example (/scripts/test/Calendar.t):
        </para>
        <programlisting format="linespecific">
# --
# Calendar.t - Calendar
# Copyright (C) 2001-2005 Martin Edenhofer &lt;martin+code@otrs.org&gt;
# --
# $Id: test-mechanism.xml,v 1.3 2006-02-24 08:53:10 rk Exp $
# --
# This software comes with ABSOLUTELY NO WARRANTY. For details, see
# the enclosed file COPYING for license information (GPL). If you
# did not receive this file, see http://www.gnu.org/licenses/gpl.txt.
# --

use Kernel::System::User;
use Kernel::System::CalendarEvent;

$Self->{UserObject} = Kernel::System::User-&gt;new(%{$Self});
$Self->{EventObject} = Kernel::System::CalendarEvent-&gt;new(%{$Self}, UserID =&gt; 1);


my $EventID = $Self-&gt;{EventObject}-&gt;EventAdd(
    Title =&gt; 'Some Test',
    StartTime =&gt; '1977-10-27 20:15',
    EndTime =&gt; '1977-10-27 21:00',
    State =&gt; 'public',
    UserIDs =&gt; [1],
);

$Self-&gt;True(
    $EventID,
    'EventAdd()',
);

[..]
        </programlisting>
    </sect1>
    <sect1>
        <title>True()</title>
        <programlisting>
$Self-&gt;True(
    $EventID,
    'EventAdd()',
);
        </programlisting>
        <para>
            This function tests whether the return value of the function 'EventAdd()' in the variable $EventID is valid.
        </para>
    </sect1>
    <sect1>
        <title>False()</title>
        <programlisting>
$Self-&gt;False(
    $EventID,
    'EventAdd()',
);
        </programlisting>
        <para>
            This function tests whether the return value of the function 'EventAdd()' in the variable $EventID is invalid.
        </para>
    </sect1>
    <sect1>
        <title>Is()</title>
        <programlisting>
$Self-&gt;Is(
    $A,
    $B,
    'Test Name',
);
        </programlisting>
        <para>
            This function tests whether the variables $A and $B are equal.
        </para>
    </sect1>
</chapter>

